<?xml version="1.0" encoding="UTF-8"?>
<!-- Generated by org.testng.reporters.JUnitReportReporter -->
<testsuite skipped="0" hostname="DESKTOP-4UU9QO5" name="dataProvider.DependsOnMethod" tests="3" failures="0" timestamp="16 Nov 2019 17:27:16 GMT" time="0.018" errors="0">
  <testcase name="lastmethod" time="0.002" classname="dataProvider.DependsOnMethod"/>
  <testcase name="depending" time="0.016" classname="dataProvider.DependsOnMethod"/>
  <testcase name="launching" time="0.000" classname="dataProvider.DependsOnMethod"/>
</testsuite> <!-- dataProvider.DependsOnMethod -->
