<?xml version="1.0" encoding="UTF-8"?>
<!-- Generated by org.testng.reporters.JUnitReportReporter -->
<testsuite skipped="0" hostname="DESKTOP-4UU9QO5" name="dataProvider.TestNG_Execution" tests="5" failures="0" timestamp="28 Feb 2020 18:43:40 GMT" time="0.013" errors="0">
  <testcase name="testCase2" time="0.001" classname="dataProvider.TestNG_Execution"/>
  <testcase name="testCase4" time="0.003" classname="dataProvider.TestNG_Execution"/>
  <testcase name="testCase5" time="0.001" classname="dataProvider.TestNG_Execution"/>
  <testcase name="testCase3" time="0.002" classname="dataProvider.TestNG_Execution"/>
  <testcase name="testCase1" time="0.006" classname="dataProvider.TestNG_Execution"/>
</testsuite> <!-- dataProvider.TestNG_Execution -->
