<?xml version="1.0" encoding="UTF-8"?>
<!-- Generated by org.testng.reporters.JUnitReportReporter -->
<testsuite skipped="0" hostname="DESKTOP-4UU9QO5" name="dataProvider.Grouping_TC" tests="3" failures="0" timestamp="16 Nov 2019 16:59:01 GMT" time="0.018" errors="0">
  <testcase name="SmokeTest" time="0.016" classname="dataProvider.Grouping_TC"/>
  <testcase name="regression1" time="0.000" classname="dataProvider.Grouping_TC"/>
  <testcase name="regression2" time="0.002" classname="dataProvider.Grouping_TC"/>
</testsuite> <!-- dataProvider.Grouping_TC -->
